app/build/intermediates/manifest_merge_blame_file/debug/manifest-merger-blame-debug-report.txt
1<?xml version="1.0" encoding="utf-8"?>
2<manifest xmlns:android="http://schemas.android.com/apk/res/android"
3    package="com.swizosoft.hostelcomplaints"
4    android:versionCode="1"
5    android:versionName="1.0" >
6
7    <uses-sdk
8        android:minSdkVersion="24"
9        android:targetSdkVersion="34" />
10
11    <uses-permission android:name="android.permission.INTERNET" />
11-->src\main\AndroidManifest.xml:5:5-67
11-->src\main\AndroidManifest.xml:5:22-64
12    <uses-permission
12-->src\main\AndroidManifest.xml:6:5-107
13        android:name="android.permission.READ_EXTERNAL_STORAGE"
13-->src\main\AndroidManifest.xml:6:22-77
14        android:maxSdkVersion="32" />
14-->src\main\AndroidManifest.xml:6:78-104
15    <uses-permission android:name="android.permission.READ_MEDIA_IMAGES" />
15-->src\main\AndroidManifest.xml:7:5-76
15-->src\main\AndroidManifest.xml:7:22-73
16    <uses-permission android:name="android.permission.READ_MEDIA_VIDEO" />
16-->src\main\AndroidManifest.xml:8:5-75
16-->src\main\AndroidManifest.xml:8:22-72
17    <uses-permission android:name="android.permission.READ_MEDIA_AUDIO" />
17-->src\main\AndroidManifest.xml:9:5-75
17-->src\main\AndroidManifest.xml:9:22-72
18    <uses-permission android:name="android.permission.CAMERA" />
18-->src\main\AndroidManifest.xml:10:5-65
18-->src\main\AndroidManifest.xml:10:22-62
19    <uses-permission android:name="android.permission.RECORD_AUDIO" />
19-->src\main\AndroidManifest.xml:11:5-71
19-->src\main\AndroidManifest.xml:11:22-68
20    <uses-permission android:name="android.permission.ACCESS_NETWORK_STATE" />
20-->[com.google.firebase:firebase-auth:22.3.1] AndroidManifest.xml:26:5-79
20-->[com.google.firebase:firebase-auth:22.3.1] AndroidManifest.xml:26:22-76
21    <uses-permission android:name="android.permission.POST_NOTIFICATIONS" />
21-->[com.google.firebase:firebase-messaging:23.4.1] AndroidManifest.xml:23:5-77
21-->[com.google.firebase:firebase-messaging:23.4.1] AndroidManifest.xml:23:22-74
22    <uses-permission android:name="android.permission.WAKE_LOCK" /> <!-- Required by older versions of Google Play services to create IID tokens -->
22-->[com.google.firebase:firebase-messaging:23.4.1] AndroidManifest.xml:24:5-68
22-->[com.google.firebase:firebase-messaging:23.4.1] AndroidManifest.xml:24:22-65
23    <uses-permission android:name="com.google.android.c2dm.permission.RECEIVE" />
23-->[com.google.firebase:firebase-messaging:23.4.1] AndroidManifest.xml:26:5-82
23-->[com.google.firebase:firebase-messaging:23.4.1] AndroidManifest.xml:26:22-79
24    <uses-permission android:name="com.google.android.gms.permission.AD_ID" />
24-->[com.google.android.gms:play-services-measurement-api:21.5.1] AndroidManifest.xml:25:5-79
24-->[com.google.android.gms:play-services-measurement-api:21.5.1] AndroidManifest.xml:25:22-76
25    <uses-permission android:name="android.permission.ACCESS_ADSERVICES_ATTRIBUTION" />
25-->[com.google.android.gms:play-services-measurement-api:21.5.1] AndroidManifest.xml:26:5-88
25-->[com.google.android.gms:play-services-measurement-api:21.5.1] AndroidManifest.xml:26:22-85
26    <uses-permission android:name="android.permission.ACCESS_ADSERVICES_AD_ID" />
26-->[com.google.android.gms:play-services-measurement-api:21.5.1] AndroidManifest.xml:27:5-82
26-->[com.google.android.gms:play-services-measurement-api:21.5.1] AndroidManifest.xml:27:22-79
27    <uses-permission android:name="com.google.android.finsky.permission.BIND_GET_INSTALL_REFERRER_SERVICE" />
27-->[com.google.android.gms:play-services-measurement:21.5.1] AndroidManifest.xml:26:5-110
27-->[com.google.android.gms:play-services-measurement:21.5.1] AndroidManifest.xml:26:22-107
28    <uses-permission android:name="com.google.android.providers.gsf.permission.READ_GSERVICES" />
28-->[com.google.android.recaptcha:recaptcha:18.4.0] AndroidManifest.xml:9:5-98
28-->[com.google.android.recaptcha:recaptcha:18.4.0] AndroidManifest.xml:9:22-95
29
30    <permission
30-->[androidx.core:core:1.12.0] AndroidManifest.xml:22:5-24:47
31        android:name="com.swizosoft.hostelcomplaints.DYNAMIC_RECEIVER_NOT_EXPORTED_PERMISSION"
31-->[androidx.core:core:1.12.0] AndroidManifest.xml:23:9-81
32        android:protectionLevel="signature" />
32-->[androidx.core:core:1.12.0] AndroidManifest.xml:24:9-44
33
34    <uses-permission android:name="com.swizosoft.hostelcomplaints.DYNAMIC_RECEIVER_NOT_EXPORTED_PERMISSION" />
34-->[androidx.core:core:1.12.0] AndroidManifest.xml:26:5-97
34-->[androidx.core:core:1.12.0] AndroidManifest.xml:26:22-94
35
36    <application
36-->src\main\AndroidManifest.xml:13:5-79:19
37        android:allowBackup="true"
37-->src\main\AndroidManifest.xml:14:9-35
38        android:appComponentFactory="androidx.core.app.CoreComponentFactory"
38-->[androidx.core:core:1.12.0] AndroidManifest.xml:28:18-86
39        android:debuggable="true"
40        android:extractNativeLibs="false"
41        android:icon="@drawable/ic_launcher_foreground"
41-->src\main\AndroidManifest.xml:15:9-56
42        android:label="@string/app_name"
42-->src\main\AndroidManifest.xml:16:9-41
43        android:roundIcon="@drawable/ic_launcher_foreground"
43-->src\main\AndroidManifest.xml:17:9-61
44        android:supportsRtl="true"
44-->src\main\AndroidManifest.xml:18:9-35
45        android:testOnly="true"
46        android:theme="@style/Theme.HostelComplaintTracker" >
46-->src\main\AndroidManifest.xml:19:9-60
47        <activity
47-->src\main\AndroidManifest.xml:22:9-29:20
48            android:name="com.swizosoft.hostelcomplaints.MainActivity"
48-->src\main\AndroidManifest.xml:23:13-41
49            android:exported="true" >
49-->src\main\AndroidManifest.xml:24:13-36
50            <intent-filter>
50-->src\main\AndroidManifest.xml:25:13-28:29
51                <action android:name="android.intent.action.MAIN" />
51-->src\main\AndroidManifest.xml:26:17-69
51-->src\main\AndroidManifest.xml:26:25-66
52
53                <category android:name="android.intent.category.LAUNCHER" />
53-->src\main\AndroidManifest.xml:27:17-77
53-->src\main\AndroidManifest.xml:27:27-74
54            </intent-filter>
55        </activity>
56        <activity
56-->src\main\AndroidManifest.xml:31:9-34:48
57            android:name="com.swizosoft.hostelcomplaints.complaints.SubmitComplaintActivity"
57-->src\main\AndroidManifest.xml:32:13-63
58            android:exported="false"
58-->src\main\AndroidManifest.xml:33:13-37
59            android:label="Submit Complaint" />
59-->src\main\AndroidManifest.xml:34:13-45
60        <activity
60-->src\main\AndroidManifest.xml:36:9-39:45
61            android:name="com.swizosoft.hostelcomplaints.complaints.ComplaintHistoryActivity"
61-->src\main\AndroidManifest.xml:37:13-64
62            android:exported="false"
62-->src\main\AndroidManifest.xml:38:13-37
63            android:label="My Complaints" />
63-->src\main\AndroidManifest.xml:39:13-42
64        <activity
64-->src\main\AndroidManifest.xml:41:9-44:48
65            android:name="com.swizosoft.hostelcomplaints.complaints.ComplaintStatusActivity"
65-->src\main\AndroidManifest.xml:42:13-63
66            android:exported="false"
66-->src\main\AndroidManifest.xml:43:13-37
67            android:label="Complaint Status" />
67-->src\main\AndroidManifest.xml:44:13-45
68        <activity
68-->src\main\AndroidManifest.xml:46:9-49:37
69            android:name="com.swizosoft.hostelcomplaints.auth.LoginActivity"
69-->src\main\AndroidManifest.xml:47:13-47
70            android:exported="false"
70-->src\main\AndroidManifest.xml:48:13-37
71            android:label="Login" />
71-->src\main\AndroidManifest.xml:49:13-34
72        <activity
72-->src\main\AndroidManifest.xml:51:9-54:40
73            android:name="com.swizosoft.hostelcomplaints.auth.RegisterActivity"
73-->src\main\AndroidManifest.xml:52:13-50
74            android:exported="false"
74-->src\main\AndroidManifest.xml:53:13-37
75            android:label="Register" />
75-->src\main\AndroidManifest.xml:54:13-37
76        <activity
76-->src\main\AndroidManifest.xml:56:9-59:48
77            android:name="com.swizosoft.hostelcomplaints.warden.WardenDashboardActivity"
77-->src\main\AndroidManifest.xml:57:13-59
78            android:exported="false"
78-->src\main\AndroidManifest.xml:58:13-37
79            android:label="Warden Dashboard" />
79-->src\main\AndroidManifest.xml:59:13-45
80        <activity
80-->src\main\AndroidManifest.xml:61:9-64:49
81            android:name="com.swizosoft.hostelcomplaints.warden.ComplaintDetailActivity"
81-->src\main\AndroidManifest.xml:62:13-59
82            android:exported="false"
82-->src\main\AndroidManifest.xml:63:13-37
83            android:label="Complaint Details" />
83-->src\main\AndroidManifest.xml:64:13-46
84        <activity
84-->src\main\AndroidManifest.xml:66:9-69:44
85            android:name="com.swizosoft.hostelcomplaints.complaints.ChatActivity"
85-->src\main\AndroidManifest.xml:67:13-52
86            android:exported="false"
86-->src\main\AndroidManifest.xml:68:13-37
87            android:label="AI Assistant" />
87-->src\main\AndroidManifest.xml:69:13-41
88
89        <service
89-->src\main\AndroidManifest.xml:71:9-77:19
90            android:name="com.swizosoft.hostelcomplaints.notifications.MyFirebaseMessagingService"
90-->src\main\AndroidManifest.xml:72:13-69
91            android:exported="false" >
91-->src\main\AndroidManifest.xml:73:13-37
92            <intent-filter>
92-->src\main\AndroidManifest.xml:74:13-76:29
93                <action android:name="com.google.firebase.MESSAGING_EVENT" />
93-->src\main\AndroidManifest.xml:75:17-78
93-->src\main\AndroidManifest.xml:75:25-75
94            </intent-filter>
95        </service>
96
97        <provider
97-->[androidx.emoji2:emoji2:1.2.0] AndroidManifest.xml:24:9-32:20
98            android:name="androidx.startup.InitializationProvider"
98-->[androidx.emoji2:emoji2:1.2.0] AndroidManifest.xml:25:13-67
99            android:authorities="com.swizosoft.hostelcomplaints.androidx-startup"
99-->[androidx.emoji2:emoji2:1.2.0] AndroidManifest.xml:26:13-68
100            android:exported="false" >
100-->[androidx.emoji2:emoji2:1.2.0] AndroidManifest.xml:27:13-37
101            <meta-data
101-->[androidx.emoji2:emoji2:1.2.0] AndroidManifest.xml:29:13-31:52
102                android:name="androidx.emoji2.text.EmojiCompatInitializer"
102-->[androidx.emoji2:emoji2:1.2.0] AndroidManifest.xml:30:17-75
103                android:value="androidx.startup" />
103-->[androidx.emoji2:emoji2:1.2.0] AndroidManifest.xml:31:17-49
104            <meta-data
104-->[androidx.lifecycle:lifecycle-process:2.7.0] AndroidManifest.xml:29:13-31:52
105                android:name="androidx.lifecycle.ProcessLifecycleInitializer"
105-->[androidx.lifecycle:lifecycle-process:2.7.0] AndroidManifest.xml:30:17-78
106                android:value="androidx.startup" />
106-->[androidx.lifecycle:lifecycle-process:2.7.0] AndroidManifest.xml:31:17-49
107            <meta-data
107-->[androidx.profileinstaller:profileinstaller:1.3.0] AndroidManifest.xml:29:13-31:52
108                android:name="androidx.profileinstaller.ProfileInstallerInitializer"
108-->[androidx.profileinstaller:profileinstaller:1.3.0] AndroidManifest.xml:30:17-85
109                android:value="androidx.startup" />
109-->[androidx.profileinstaller:profileinstaller:1.3.0] AndroidManifest.xml:31:17-49
110        </provider>
111
112        <activity
112-->[com.google.android.gms:play-services-auth:20.7.0] AndroidManifest.xml:23:9-27:75
113            android:name="com.google.android.gms.auth.api.signin.internal.SignInHubActivity"
113-->[com.google.android.gms:play-services-auth:20.7.0] AndroidManifest.xml:24:13-93
114            android:excludeFromRecents="true"
114-->[com.google.android.gms:play-services-auth:20.7.0] AndroidManifest.xml:25:13-46
115            android:exported="false"
115-->[com.google.android.gms:play-services-auth:20.7.0] AndroidManifest.xml:26:13-37
116            android:theme="@android:style/Theme.Translucent.NoTitleBar" />
116-->[com.google.android.gms:play-services-auth:20.7.0] AndroidManifest.xml:27:13-72
117        <!--
118            Service handling Google Sign-In user revocation. For apps that do not integrate with
119            Google Sign-In, this service will never be started.
120        -->
121        <service
121-->[com.google.android.gms:play-services-auth:20.7.0] AndroidManifest.xml:33:9-37:51
122            android:name="com.google.android.gms.auth.api.signin.RevocationBoundService"
122-->[com.google.android.gms:play-services-auth:20.7.0] AndroidManifest.xml:34:13-89
123            android:exported="true"
123-->[com.google.android.gms:play-services-auth:20.7.0] AndroidManifest.xml:35:13-36
124            android:permission="com.google.android.gms.auth.api.signin.permission.REVOCATION_NOTIFICATION"
124-->[com.google.android.gms:play-services-auth:20.7.0] AndroidManifest.xml:36:13-107
125            android:visibleToInstantApps="true" />
125-->[com.google.android.gms:play-services-auth:20.7.0] AndroidManifest.xml:37:13-48
126        <service
126-->[com.google.firebase:firebase-auth-ktx:22.3.1] AndroidManifest.xml:8:9-14:19
127            android:name="com.google.firebase.components.ComponentDiscoveryService"
127-->[com.google.firebase:firebase-auth-ktx:22.3.1] AndroidManifest.xml:9:13-84
128            android:directBootAware="true"
128-->[com.google.firebase:firebase-common:20.4.2] AndroidManifest.xml:32:13-43
129            android:exported="false" >
129-->[com.google.firebase:firebase-auth-ktx:22.3.1] AndroidManifest.xml:10:13-37
130            <meta-data
130-->[com.google.firebase:firebase-auth-ktx:22.3.1] AndroidManifest.xml:11:13-13:85
131                android:name="com.google.firebase.components:com.google.firebase.auth.ktx.FirebaseAuthLegacyRegistrar"
131-->[com.google.firebase:firebase-auth-ktx:22.3.1] AndroidManifest.xml:12:17-119
132                android:value="com.google.firebase.components.ComponentRegistrar" />
132-->[com.google.firebase:firebase-auth-ktx:22.3.1] AndroidManifest.xml:13:17-82
133            <meta-data
133-->[com.google.firebase:firebase-auth:22.3.1] AndroidManifest.xml:69:13-71:85
134                android:name="com.google.firebase.components:com.google.firebase.auth.FirebaseAuthRegistrar"
134-->[com.google.firebase:firebase-auth:22.3.1] AndroidManifest.xml:70:17-109
135                android:value="com.google.firebase.components.ComponentRegistrar" />
135-->[com.google.firebase:firebase-auth:22.3.1] AndroidManifest.xml:71:17-82
136            <meta-data
136-->[com.google.firebase:firebase-storage-ktx:20.3.0] AndroidManifest.xml:12:13-14:85
137                android:name="com.google.firebase.components:com.google.firebase.storage.ktx.FirebaseStorageLegacyRegistrar"
137-->[com.google.firebase:firebase-storage-ktx:20.3.0] AndroidManifest.xml:13:17-125
138                android:value="com.google.firebase.components.ComponentRegistrar" />
138-->[com.google.firebase:firebase-storage-ktx:20.3.0] AndroidManifest.xml:14:17-82
139            <meta-data
139-->[com.google.firebase:firebase-storage:20.3.0] AndroidManifest.xml:30:13-32:85
140                android:name="com.google.firebase.components:com.google.firebase.storage.FirebaseStorageKtxRegistrar"
140-->[com.google.firebase:firebase-storage:20.3.0] AndroidManifest.xml:31:17-118
141                android:value="com.google.firebase.components.ComponentRegistrar" />
141-->[com.google.firebase:firebase-storage:20.3.0] AndroidManifest.xml:32:17-82
142            <meta-data
142-->[com.google.firebase:firebase-storage:20.3.0] AndroidManifest.xml:33:13-35:85
143                android:name="com.google.firebase.components:com.google.firebase.storage.StorageRegistrar"
143-->[com.google.firebase:firebase-storage:20.3.0] AndroidManifest.xml:34:17-107
144                android:value="com.google.firebase.components.ComponentRegistrar" />
144-->[com.google.firebase:firebase-storage:20.3.0] AndroidManifest.xml:35:17-82
145            <meta-data
145-->[com.google.firebase:firebase-database-ktx:20.3.0] AndroidManifest.xml:12:13-14:85
146                android:name="com.google.firebase.components:com.google.firebase.database.ktx.FirebaseDatabaseLegacyRegistrar"
146-->[com.google.firebase:firebase-database-ktx:20.3.0] AndroidManifest.xml:13:17-127
147                android:value="com.google.firebase.components.ComponentRegistrar" />
147-->[com.google.firebase:firebase-database-ktx:20.3.0] AndroidManifest.xml:14:17-82
148            <meta-data
148-->[com.google.firebase:firebase-database:20.3.0] AndroidManifest.xml:29:13-31:85
149                android:name="com.google.firebase.components:com.google.firebase.database.FirebaseDatabaseKtxRegistrar"
149-->[com.google.firebase:firebase-database:20.3.0] AndroidManifest.xml:30:17-120
150                android:value="com.google.firebase.components.ComponentRegistrar" />
150-->[com.google.firebase:firebase-database:20.3.0] AndroidManifest.xml:31:17-82
151            <meta-data
151-->[com.google.firebase:firebase-database:20.3.0] AndroidManifest.xml:32:13-34:85
152                android:name="com.google.firebase.components:com.google.firebase.database.DatabaseRegistrar"
152-->[com.google.firebase:firebase-database:20.3.0] AndroidManifest.xml:33:17-109
153                android:value="com.google.firebase.components.ComponentRegistrar" />
153-->[com.google.firebase:firebase-database:20.3.0] AndroidManifest.xml:34:17-82
154            <meta-data
154-->[com.google.firebase:firebase-firestore-ktx:24.10.2] AndroidManifest.xml:12:13-14:85
155                android:name="com.google.firebase.components:com.google.firebase.firestore.ktx.FirebaseFirestoreLegacyRegistrar"
155-->[com.google.firebase:firebase-firestore-ktx:24.10.2] AndroidManifest.xml:13:17-129
156                android:value="com.google.firebase.components.ComponentRegistrar" />
156-->[com.google.firebase:firebase-firestore-ktx:24.10.2] AndroidManifest.xml:14:17-82
157            <meta-data
157-->[com.google.firebase:firebase-firestore:24.10.2] AndroidManifest.xml:17:13-19:85
158                android:name="com.google.firebase.components:com.google.firebase.firestore.FirebaseFirestoreKtxRegistrar"
158-->[com.google.firebase:firebase-firestore:24.10.2] AndroidManifest.xml:18:17-122
159                android:value="com.google.firebase.components.ComponentRegistrar" />
159-->[com.google.firebase:firebase-firestore:24.10.2] AndroidManifest.xml:19:17-82
160            <meta-data
160-->[com.google.firebase:firebase-firestore:24.10.2] AndroidManifest.xml:20:13-22:85
161                android:name="com.google.firebase.components:com.google.firebase.firestore.FirestoreRegistrar"
161-->[com.google.firebase:firebase-firestore:24.10.2] AndroidManifest.xml:21:17-111
162                android:value="com.google.firebase.components.ComponentRegistrar" />
162-->[com.google.firebase:firebase-firestore:24.10.2] AndroidManifest.xml:22:17-82
163            <meta-data
163-->[com.google.firebase:firebase-messaging-ktx:23.4.1] AndroidManifest.xml:26:13-28:85
164                android:name="com.google.firebase.components:com.google.firebase.messaging.ktx.FirebaseMessagingLegacyRegistrar"
164-->[com.google.firebase:firebase-messaging-ktx:23.4.1] AndroidManifest.xml:27:17-129
165                android:value="com.google.firebase.components.ComponentRegistrar" />
165-->[com.google.firebase:firebase-messaging-ktx:23.4.1] AndroidManifest.xml:28:17-82
166            <meta-data
166-->[com.google.firebase:firebase-messaging:23.4.1] AndroidManifest.xml:57:13-59:85
167                android:name="com.google.firebase.components:com.google.firebase.messaging.FirebaseMessagingKtxRegistrar"
167-->[com.google.firebase:firebase-messaging:23.4.1] AndroidManifest.xml:58:17-122
168                android:value="com.google.firebase.components.ComponentRegistrar" />
168-->[com.google.firebase:firebase-messaging:23.4.1] AndroidManifest.xml:59:17-82
169            <meta-data
169-->[com.google.firebase:firebase-messaging:23.4.1] AndroidManifest.xml:60:13-62:85
170                android:name="com.google.firebase.components:com.google.firebase.messaging.FirebaseMessagingRegistrar"
170-->[com.google.firebase:firebase-messaging:23.4.1] AndroidManifest.xml:61:17-119
171                android:value="com.google.firebase.components.ComponentRegistrar" />
171-->[com.google.firebase:firebase-messaging:23.4.1] AndroidManifest.xml:62:17-82
172            <meta-data
172-->[com.google.firebase:firebase-appcheck:17.1.2] AndroidManifest.xml:25:13-27:85
173                android:name="com.google.firebase.components:com.google.firebase.appcheck.FirebaseAppCheckKtxRegistrar"
173-->[com.google.firebase:firebase-appcheck:17.1.2] AndroidManifest.xml:26:17-120
174                android:value="com.google.firebase.components.ComponentRegistrar" />
174-->[com.google.firebase:firebase-appcheck:17.1.2] AndroidManifest.xml:27:17-82
175            <meta-data
175-->[com.google.firebase:firebase-appcheck:17.1.2] AndroidManifest.xml:28:13-30:85
176                android:name="com.google.firebase.components:com.google.firebase.appcheck.FirebaseAppCheckRegistrar"
176-->[com.google.firebase:firebase-appcheck:17.1.2] AndroidManifest.xml:29:17-117
177                android:value="com.google.firebase.components.ComponentRegistrar" />
177-->[com.google.firebase:firebase-appcheck:17.1.2] AndroidManifest.xml:30:17-82
178            <meta-data
178-->[com.google.firebase:firebase-ml-modeldownloader-ktx:24.2.3] AndroidManifest.xml:24:13-26:85
179                android:name="com.google.firebase.components:com.google.firebase.ml.modeldownloader.ktx.FirebaseMlModeldownloaderLegacyRegistrar"
179-->[com.google.firebase:firebase-ml-modeldownloader-ktx:24.2.3] AndroidManifest.xml:25:17-146
180                android:value="com.google.firebase.components.ComponentRegistrar" />
180-->[com.google.firebase:firebase-ml-modeldownloader-ktx:24.2.3] AndroidManifest.xml:26:17-82
181            <meta-data
181-->[com.google.firebase:firebase-analytics-ktx:21.5.1] AndroidManifest.xml:11:13-13:85
182                android:name="com.google.firebase.components:com.google.firebase.analytics.ktx.FirebaseAnalyticsLegacyRegistrar"
182-->[com.google.firebase:firebase-analytics-ktx:21.5.1] AndroidManifest.xml:12:17-129
183                android:value="com.google.firebase.components.ComponentRegistrar" />
183-->[com.google.firebase:firebase-analytics-ktx:21.5.1] AndroidManifest.xml:13:17-82
184            <meta-data
184-->[com.google.firebase:firebase-ml-modeldownloader:24.2.3] AndroidManifest.xml:26:13-28:85
185                android:name="com.google.firebase.components:com.google.firebase.ml.modeldownloader.FirebaseMlModelDownloaderKtxRegistrar"
185-->[com.google.firebase:firebase-ml-modeldownloader:24.2.3] AndroidManifest.xml:27:17-139
186                android:value="com.google.firebase.components.ComponentRegistrar" />
186-->[com.google.firebase:firebase-ml-modeldownloader:24.2.3] AndroidManifest.xml:28:17-82
187            <meta-data
187-->[com.google.firebase:firebase-ml-modeldownloader:24.2.3] AndroidManifest.xml:29:13-31:85
188                android:name="com.google.firebase.components:com.google.firebase.ml.modeldownloader.FirebaseModelDownloaderRegistrar"
188-->[com.google.firebase:firebase-ml-modeldownloader:24.2.3] AndroidManifest.xml:30:17-134
189                android:value="com.google.firebase.components.ComponentRegistrar" />
189-->[com.google.firebase:firebase-ml-modeldownloader:24.2.3] AndroidManifest.xml:31:17-82
190            <meta-data
190-->[com.google.android.gms:play-services-measurement-api:21.5.1] AndroidManifest.xml:37:13-39:85
191                android:name="com.google.firebase.components:com.google.firebase.analytics.connector.internal.AnalyticsConnectorRegistrar"
191-->[com.google.android.gms:play-services-measurement-api:21.5.1] AndroidManifest.xml:38:17-139
192                android:value="com.google.firebase.components.ComponentRegistrar" />
192-->[com.google.android.gms:play-services-measurement-api:21.5.1] AndroidManifest.xml:39:17-82
193            <meta-data
193-->[com.google.firebase:firebase-installations:17.2.0] AndroidManifest.xml:15:13-17:85
194                android:name="com.google.firebase.components:com.google.firebase.installations.FirebaseInstallationsKtxRegistrar"
194-->[com.google.firebase:firebase-installations:17.2.0] AndroidManifest.xml:16:17-130
195                android:value="com.google.firebase.components.ComponentRegistrar" />
195-->[com.google.firebase:firebase-installations:17.2.0] AndroidManifest.xml:17:17-82
196            <meta-data
196-->[com.google.firebase:firebase-installations:17.2.0] AndroidManifest.xml:18:13-20:85
197                android:name="com.google.firebase.components:com.google.firebase.installations.FirebaseInstallationsRegistrar"
197-->[com.google.firebase:firebase-installations:17.2.0] AndroidManifest.xml:19:17-127
198                android:value="com.google.firebase.components.ComponentRegistrar" />
198-->[com.google.firebase:firebase-installations:17.2.0] AndroidManifest.xml:20:17-82
199            <meta-data
199-->[com.google.firebase:firebase-common-ktx:20.4.2] AndroidManifest.xml:12:13-14:85
200                android:name="com.google.firebase.components:com.google.firebase.ktx.FirebaseCommonLegacyRegistrar"
200-->[com.google.firebase:firebase-common-ktx:20.4.2] AndroidManifest.xml:13:17-116
201                android:value="com.google.firebase.components.ComponentRegistrar" />
201-->[com.google.firebase:firebase-common-ktx:20.4.2] AndroidManifest.xml:14:17-82
202            <meta-data
202-->[com.google.firebase:firebase-common:20.4.2] AndroidManifest.xml:35:13-37:85
203                android:name="com.google.firebase.components:com.google.firebase.FirebaseCommonKtxRegistrar"
203-->[com.google.firebase:firebase-common:20.4.2] AndroidManifest.xml:36:17-109
204                android:value="com.google.firebase.components.ComponentRegistrar" />
204-->[com.google.firebase:firebase-common:20.4.2] AndroidManifest.xml:37:17-82
205            <meta-data
205-->[com.google.firebase:firebase-datatransport:18.2.0] AndroidManifest.xml:25:13-27:85
206                android:name="com.google.firebase.components:com.google.firebase.datatransport.TransportRegistrar"
206-->[com.google.firebase:firebase-datatransport:18.2.0] AndroidManifest.xml:26:17-115
207                android:value="com.google.firebase.components.ComponentRegistrar" />
207-->[com.google.firebase:firebase-datatransport:18.2.0] AndroidManifest.xml:27:17-82
208        </service>
209
210        <activity
210-->[com.google.firebase:firebase-auth:22.3.1] AndroidManifest.xml:29:9-46:20
211            android:name="com.google.firebase.auth.internal.GenericIdpActivity"
211-->[com.google.firebase:firebase-auth:22.3.1] AndroidManifest.xml:30:13-80
212            android:excludeFromRecents="true"
212-->[com.google.firebase:firebase-auth:22.3.1] AndroidManifest.xml:31:13-46
213            android:exported="true"
213-->[com.google.firebase:firebase-auth:22.3.1] AndroidManifest.xml:32:13-36
214            android:launchMode="singleTask"
214-->[com.google.firebase:firebase-auth:22.3.1] AndroidManifest.xml:33:13-44
215            android:theme="@android:style/Theme.Translucent.NoTitleBar" >
215-->[com.google.firebase:firebase-auth:22.3.1] AndroidManifest.xml:34:13-72
216            <intent-filter>
216-->[com.google.firebase:firebase-auth:22.3.1] AndroidManifest.xml:35:13-45:29
217                <action android:name="android.intent.action.VIEW" />
217-->[com.google.firebase:firebase-auth:22.3.1] AndroidManifest.xml:36:17-69
217-->[com.google.firebase:firebase-auth:22.3.1] AndroidManifest.xml:36:25-66
218
219                <category android:name="android.intent.category.DEFAULT" />
219-->[com.google.firebase:firebase-auth:22.3.1] AndroidManifest.xml:38:17-76
219-->[com.google.firebase:firebase-auth:22.3.1] AndroidManifest.xml:38:27-73
220                <category android:name="android.intent.category.BROWSABLE" />
220-->[com.google.firebase:firebase-auth:22.3.1] AndroidManifest.xml:39:17-78
220-->[com.google.firebase:firebase-auth:22.3.1] AndroidManifest.xml:39:27-75
221
222                <data
222-->[com.google.firebase:firebase-auth:22.3.1] AndroidManifest.xml:41:17-44:51
223                    android:host="firebase.auth"
223-->[com.google.firebase:firebase-auth:22.3.1] AndroidManifest.xml:42:21-49
224                    android:path="/"
224-->[com.google.firebase:firebase-auth:22.3.1] AndroidManifest.xml:43:21-37
225                    android:scheme="genericidp" />
225-->[com.google.firebase:firebase-auth:22.3.1] AndroidManifest.xml:44:21-48
226            </intent-filter>
227        </activity>
228        <activity
228-->[com.google.firebase:firebase-auth:22.3.1] AndroidManifest.xml:47:9-64:20
229            android:name="com.google.firebase.auth.internal.RecaptchaActivity"
229-->[com.google.firebase:firebase-auth:22.3.1] AndroidManifest.xml:48:13-79
230            android:excludeFromRecents="true"
230-->[com.google.firebase:firebase-auth:22.3.1] AndroidManifest.xml:49:13-46
231            android:exported="true"
231-->[com.google.firebase:firebase-auth:22.3.1] AndroidManifest.xml:50:13-36
232            android:launchMode="singleTask"
232-->[com.google.firebase:firebase-auth:22.3.1] AndroidManifest.xml:51:13-44
233            android:theme="@android:style/Theme.Translucent.NoTitleBar" >
233-->[com.google.firebase:firebase-auth:22.3.1] AndroidManifest.xml:52:13-72
234            <intent-filter>
234-->[com.google.firebase:firebase-auth:22.3.1] AndroidManifest.xml:53:13-63:29
235                <action android:name="android.intent.action.VIEW" />
235-->[com.google.firebase:firebase-auth:22.3.1] AndroidManifest.xml:36:17-69
235-->[com.google.firebase:firebase-auth:22.3.1] AndroidManifest.xml:36:25-66
236
237                <category android:name="android.intent.category.DEFAULT" />
237-->[com.google.firebase:firebase-auth:22.3.1] AndroidManifest.xml:38:17-76